#
# There is insufficient memory for the Java Runtime Environment to continue.
# Native memory allocation (malloc) failed to allocate 32744 bytes for ChunkPool::allocate
# Possible reasons:
#   The system is out of physical RAM or swap space
#   The process is running with CompressedOops enabled, and the Java Heap may be blocking the growth of the native heap
# Possible solutions:
#   Reduce memory load on the system
#   Increase physical memory or swap space
#   Check if swap backing store is full
#   Decrease Java heap size (-Xmx/-Xms)
#   Decrease number of Java threads
#   Decrease Java thread stack sizes (-Xss)
#   Set larger code cache with -XX:ReservedCodeCacheSize=
#   JVM is running with Unscaled Compressed Oops mode in which the Java heap is
#     placed in the first 4GB address space. The Java Heap base address is the
#     maximum limit for the native heap growth. Please use -XX:HeapBaseMinAddress
#     to set the Java Heap base and to place the Java Heap above 4GB virtual address.
# This output file may be truncated or incomplete.
#
#  Out of Memory Error (allocation.cpp:272), pid=14124, tid=0x0000000000004344
#
# JRE version: OpenJDK Runtime Environment (8.0_242-b01) (build 1.8.0_242-release-1644-b01)
# Java VM: OpenJDK 64-Bit Server VM (25.242-b01 mixed mode windows-amd64 compressed oops)
# Failed to write core dump. Minidumps are not enabled by default on client versions of Windows
#

---------------  T H R E A D  ---------------

Current thread (0x000000001781b000):  JavaThread "C2 CompilerThread0" daemon [_thread_in_native, id=17220, stack(0x0000000018e60000,0x0000000018f60000)]

Stack: [0x0000000018e60000,0x0000000018f60000]
[error occurred during error reporting (printing stack bounds), id 0xc0000005]

Native frames: (J=compiled Java code, j=interpreted, Vv=VM code, C=native code)


Current CompileTask:
C2:   9382 3349   !   4       org.jetbrains.kotlin.metadata.ProtoBuf$Type::<init> (875 bytes)


---------------  P R O C E S S  ---------------

Java Threads: ( => current thread )
  0x0000000019174000 JavaThread "Service Thread" daemon [_thread_blocked, id=10848, stack(0x0000000019560000,0x0000000019660000)]
  0x0000000017867800 JavaThread "C1 CompilerThread2" daemon [_thread_in_native, id=16868, stack(0x0000000019060000,0x0000000019160000)]
  0x000000001781f000 JavaThread "C2 CompilerThread1" daemon [_thread_in_native, id=16872, stack(0x0000000018f60000,0x0000000019060000)]
=>0x000000001781b000 JavaThread "C2 CompilerThread0" daemon [_thread_in_native, id=17220, stack(0x0000000018e60000,0x0000000018f60000)]
  0x0000000017817800 JavaThread "Attach Listener" daemon [_thread_blocked, id=17160, stack(0x0000000018d60000,0x0000000018e60000)]
  0x0000000017816000 JavaThread "Signal Dispatcher" daemon [_thread_blocked, id=16828, stack(0x0000000018c60000,0x0000000018d60000)]
  0x0000000002cca800 JavaThread "Finalizer" daemon [_thread_blocked, id=14264, stack(0x0000000018a60000,0x0000000018b60000)]
  0x00000000177f9000 JavaThread "Reference Handler" daemon [_thread_blocked, id=7052, stack(0x0000000018960000,0x0000000018a60000)]
  0x0000000002bd6000 JavaThread "main" [_thread_in_Java, id=9024, stack(0x0000000002a30000,0x0000000002b30000)]

Other Threads:
  0x00000000177d6800 VMThread [stack: 0x0000000018860000,0x0000000018960000] [id=15096]
  0x0000000019168800 WatcherThread [stack: 0x0000000019660000,0x0000000019760000] [id=16940]

VM state:not at safepoint (normal execution)

VM Mutex/Monitor currently owned by a thread: None

heap address: 0x0000000081a00000, size: 2022 MB, Compressed Oops mode: 32-bit
Narrow klass base: 0x0000000000000000, Narrow klass shift: 3
Compressed class space size: 1073741824 Address: 0x0000000100000000

Heap:
 PSYoungGen      total 38400K, used 18737K [0x00000000d5e00000, 0x00000000d9800000, 0x0000000100000000)
  eden space 33280K, 40% used [0x00000000d5e00000,0x00000000d6b4e9f8,0x00000000d7e80000)
  from space 5120K, 99% used [0x00000000d7e80000,0x00000000d837dd80,0x00000000d8380000)
  to   space 5120K, 0% used [0x00000000d8380000,0x00000000d8380000,0x00000000d8880000)
 ParOldGen       total 64512K, used 22307K [0x0000000081a00000, 0x0000000085900000, 0x00000000d5e00000)
  object space 64512K, 34% used [0x0000000081a00000,0x0000000082fc8fc8,0x0000000085900000)
 Metaspace       used 39038K, capacity 39638K, committed 39984K, reserved 1083392K
  class space    used 4934K, capacity 5098K, committed 5168K, reserved 1048576K

Card table byte_map: [0x0000000012090000,0x0000000012490000] byte_map_base: 0x0000000011c83000

Marking Bits: (ParMarkBitMap*) 0x000000006a6cf030
 Begin Bits: [0x0000000012b40000, 0x0000000014ad8000)
 End Bits:   [0x0000000014ad8000, 0x0000000016a70000)

Polling page: 0x0000000000c60000

CodeCache: size=245760Kb used=9634Kb max_used=9634Kb free=236125Kb
 bounds [0x0000000002cd0000, 0x0000000003650000, 0x0000000011cd0000]
 total_blobs=3578 nmethods=3130 adapters=361
 compilation: enabled

Compilation events (10 events):
Event: 9.353 Thread 0x0000000017867800 nmethod 3387 0x000000000363d890 code [0x000000000363d9e0, 0x000000000363daf0]
Event: 9.356 Thread 0x0000000017867800 3400       3       org.jetbrains.kotlin.serialization.deserialization.descriptors.DeserializedMemberScope::packToByteArray (269 bytes)
Event: 9.358 Thread 0x0000000017867800 nmethod 3400 0x000000000363db50 code [0x000000000363dee0, 0x000000000363fdf8]
Event: 9.361 Thread 0x0000000017867800 3401 %     3       org.jetbrains.kotlin.metadata.jvm.deserialization.UtfEncodingKt::stringsToBytes @ 122 (204 bytes)
Event: 9.362 Thread 0x0000000017867800 nmethod 3401% 0x0000000003641510 code [0x0000000003641700, 0x00000000036421d8]
Event: 9.363 Thread 0x0000000017867800 3402       3       org.jetbrains.kotlin.metadata.jvm.deserialization.UtfEncodingKt::stringsToBytes (204 bytes)
Event: 9.364 Thread 0x0000000017867800 nmethod 3402 0x0000000003642a10 code [0x0000000003642c00, 0x0000000003643598]
Event: 9.368 Thread 0x0000000017867800 3404       3       org.jetbrains.kotlin.protobuf.GeneratedMessageLite$ExtensionDescriptor::compareTo (9 bytes)
Event: 9.368 Thread 0x0000000017867800 nmethod 3404 0x0000000003643b90 code [0x0000000003643d00, 0x0000000003644030]
Event: 9.373 Thread 0x0000000017867800 3405   !   3       org.jetbrains.kotlin.metadata.jvm.JvmProtoBuf$StringTableTypes$Record::<init> (759 bytes)

GC Heap History (10 events):
Event: 5.493 GC heap before
{Heap before GC invocations=5 (full 1):
 PSYoungGen      total 38400K, used 33280K [0x00000000d5e00000, 0x00000000d8880000, 0x0000000100000000)
  eden space 33280K, 100% used [0x00000000d5e00000,0x00000000d7e80000,0x00000000d7e80000)
  from space 5120K, 0% used [0x00000000d7e80000,0x00000000d7e80000,0x00000000d8380000)
  to   space 5120K, 0% used [0x00000000d8380000,0x00000000d8380000,0x00000000d8880000)
 ParOldGen       total 64512K, used 9072K [0x0000000081a00000, 0x0000000085900000, 0x00000000d5e00000)
  object space 64512K, 14% used [0x0000000081a00000,0x00000000822dc198,0x0000000085900000)
 Metaspace       used 24687K, capacity 25130K, committed 25392K, reserved 1071104K
  class space    used 2950K, capacity 3089K, committed 3120K, reserved 1048576K
Event: 5.503 GC heap after
Heap after GC invocations=5 (full 1):
 PSYoungGen      total 38400K, used 5101K [0x00000000d5e00000, 0x00000000d9800000, 0x0000000100000000)
  eden space 33280K, 0% used [0x00000000d5e00000,0x00000000d5e00000,0x00000000d7e80000)
  from space 5120K, 99% used [0x00000000d8380000,0x00000000d887b640,0x00000000d8880000)
  to   space 5120K, 0% used [0x00000000d7e80000,0x00000000d7e80000,0x00000000d8380000)
 ParOldGen       total 64512K, used 11560K [0x0000000081a00000, 0x0000000085900000, 0x00000000d5e00000)
  object space 64512K, 17% used [0x0000000081a00000,0x000000008254a190,0x0000000085900000)
 Metaspace       used 24687K, capacity 25130K, committed 25392K, reserved 1071104K
  class space    used 2950K, capacity 3089K, committed 3120K, reserved 1048576K
}
Event: 6.746 GC heap before
{Heap before GC invocations=6 (full 1):
 PSYoungGen      total 38400K, used 38381K [0x00000000d5e00000, 0x00000000d9800000, 0x0000000100000000)
  eden space 33280K, 100% used [0x00000000d5e00000,0x00000000d7e80000,0x00000000d7e80000)
  from space 5120K, 99% used [0x00000000d8380000,0x00000000d887b640,0x00000000d8880000)
  to   space 5120K, 0% used [0x00000000d7e80000,0x00000000d7e80000,0x00000000d8380000)
 ParOldGen       total 64512K, used 11560K [0x0000000081a00000, 0x0000000085900000, 0x00000000d5e00000)
  object space 64512K, 17% used [0x0000000081a00000,0x000000008254a190,0x0000000085900000)
 Metaspace       used 30489K, capacity 31049K, committed 31152K, reserved 1077248K
  class space    used 3840K, capacity 3990K, committed 4016K, reserved 1048576K
Event: 6.763 GC heap after
Heap after GC invocations=6 (full 1):
 PSYoungGen      total 38400K, used 5091K [0x00000000d5e00000, 0x00000000d9800000, 0x0000000100000000)
  eden space 33280K, 0% used [0x00000000d5e00000,0x00000000d5e00000,0x00000000d7e80000)
  from space 5120K, 99% used [0x00000000d7e80000,0x00000000d8378c70,0x00000000d8380000)
  to   space 5120K, 0% used [0x00000000d8380000,0x00000000d8380000,0x00000000d8880000)
 ParOldGen       total 64512K, used 20007K [0x0000000081a00000, 0x0000000085900000, 0x00000000d5e00000)
  object space 64512K, 31% used [0x0000000081a00000,0x0000000082d89ee8,0x0000000085900000)
 Metaspace       used 30489K, capacity 31049K, committed 31152K, reserved 1077248K
  class space    used 3840K, capacity 3990K, committed 4016K, reserved 1048576K
}
Event: 7.795 GC heap before
{Heap before GC invocations=7 (full 1):
 PSYoungGen      total 38400K, used 25623K [0x00000000d5e00000, 0x00000000d9800000, 0x0000000100000000)
  eden space 33280K, 61% used [0x00000000d5e00000,0x00000000d720d198,0x00000000d7e80000)
  from space 5120K, 99% used [0x00000000d7e80000,0x00000000d8378c70,0x00000000d8380000)
  to   space 5120K, 0% used [0x00000000d8380000,0x00000000d8380000,0x00000000d8880000)
 ParOldGen       total 64512K, used 20007K [0x0000000081a00000, 0x0000000085900000, 0x00000000d5e00000)
  object space 64512K, 31% used [0x0000000081a00000,0x0000000082d89ee8,0x0000000085900000)
 Metaspace       used 34716K, capacity 35194K, committed 35496K, reserved 1081344K
  class space    used 4416K, capacity 4550K, committed 4656K, reserved 1048576K
Event: 7.809 GC heap after
Heap after GC invocations=7 (full 1):
 PSYoungGen      total 38400K, used 5100K [0x00000000d5e00000, 0x00000000d9800000, 0x0000000100000000)
  eden space 33280K, 0% used [0x00000000d5e00000,0x00000000d5e00000,0x00000000d7e80000)
  from space 5120K, 99% used [0x00000000d8380000,0x00000000d887b130,0x00000000d8880000)
  to   space 5120K, 0% used [0x00000000d7e80000,0x00000000d7e80000,0x00000000d8380000)
 ParOldGen       total 64512K, used 25389K [0x0000000081a00000, 0x0000000085900000, 0x00000000d5e00000)
  object space 64512K, 39% used [0x0000000081a00000,0x00000000832cb778,0x0000000085900000)
 Metaspace       used 34716K, capacity 35194K, committed 35496K, reserved 1081344K
  class space    used 4416K, capacity 4550K, committed 4656K, reserved 1048576K
}
Event: 7.809 GC heap before
{Heap before GC invocations=8 (full 2):
 PSYoungGen      total 38400K, used 5100K [0x00000000d5e00000, 0x00000000d9800000, 0x0000000100000000)
  eden space 33280K, 0% used [0x00000000d5e00000,0x00000000d5e00000,0x00000000d7e80000)
  from space 5120K, 99% used [0x00000000d8380000,0x00000000d887b130,0x00000000d8880000)
  to   space 5120K, 0% used [0x00000000d7e80000,0x00000000d7e80000,0x00000000d8380000)
 ParOldGen       total 64512K, used 25389K [0x0000000081a00000, 0x0000000085900000, 0x00000000d5e00000)
  object space 64512K, 39% used [0x0000000081a00000,0x00000000832cb778,0x0000000085900000)
 Metaspace       used 34716K, capacity 35194K, committed 35496K, reserved 1081344K
  class space    used 4416K, capacity 4550K, committed 4656K, reserved 1048576K
Event: 7.937 GC heap after
Heap after GC invocations=8 (full 2):
 PSYoungGen      total 38400K, used 0K [0x00000000d5e00000, 0x00000000d9800000, 0x0000000100000000)
  eden space 33280K, 0% used [0x00000000d5e00000,0x00000000d5e00000,0x00000000d7e80000)
  from space 5120K, 0% used [0x00000000d8380000,0x00000000d8380000,0x00000000d8880000)
  to   space 5120K, 0% used [0x00000000d7e80000,0x00000000d7e80000,0x00000000d8380000)
 ParOldGen       total 64512K, used 18289K [0x0000000081a00000, 0x0000000085900000, 0x00000000d5e00000)
  object space 64512K, 28% used [0x0000000081a00000,0x0000000082bdc798,0x0000000085900000)
 Metaspace       used 34716K, capacity 35194K, committed 35496K, reserved 1081344K
  class space    used 4416K, capacity 4550K, committed 4656K, reserved 1048576K
}
Event: 9.197 GC heap before
{Heap before GC invocations=9 (full 2):
 PSYoungGen      total 38400K, used 33280K [0x00000000d5e00000, 0x00000000d9800000, 0x0000000100000000)
  eden space 33280K, 100% used [0x00000000d5e00000,0x00000000d7e80000,0x00000000d7e80000)
  from space 5120K, 0% used [0x00000000d8380000,0x00000000d8380000,0x00000000d8880000)
  to   space 5120K, 0% used [0x00000000d7e80000,0x00000000d7e80000,0x00000000d8380000)
 ParOldGen       total 64512K, used 18289K [0x0000000081a00000, 0x0000000085900000, 0x00000000d5e00000)
  object space 64512K, 28% used [0x0000000081a00000,0x0000000082bdc798,0x0000000085900000)
 Metaspace       used 38918K, capacity 39510K, committed 39728K, reserved 1083392K
  class space    used 4934K, capacity 5098K, committed 5168K, reserved 1048576K
Event: 9.208 GC heap after
Heap after GC invocations=9 (full 2):
 PSYoungGen      total 38400K, used 5111K [0x00000000d5e00000, 0x00000000d9800000, 0x0000000100000000)
  eden space 33280K, 0% used [0x00000000d5e00000,0x00000000d5e00000,0x00000000d7e80000)
  from space 5120K, 99% used [0x00000000d7e80000,0x00000000d837dd80,0x00000000d8380000)
  to   space 5120K, 0% used [0x00000000d8380000,0x00000000d8380000,0x00000000d8880000)
 ParOldGen       total 64512K, used 22307K [0x0000000081a00000, 0x0000000085900000, 0x00000000d5e00000)
  object space 64512K, 34% used [0x0000000081a00000,0x0000000082fc8fc8,0x0000000085900000)
 Metaspace       used 38918K, capacity 39510K, committed 39728K, reserved 1083392K
  class space    used 4934K, capacity 5098K, committed 5168K, reserved 1048576K
}

Deoptimization events (10 events):
Event: 8.389 Thread 0x0000000002bd6000 Uncommon trap: reason=unstable_if action=reinterpret pc=0x0000000003561ba0 method=org.jetbrains.org.objectweb.asm.ClassReader.readUtf(II[C)Ljava/lang/String; @ 41
Event: 8.394 Thread 0x0000000002bd6000 Uncommon trap: reason=unstable_if action=reinterpret pc=0x000000000350efa0 method=org.jetbrains.org.objectweb.asm.ClassReader.readUtf(II[C)Ljava/lang/String; @ 41
Event: 8.446 Thread 0x0000000002bd6000 Uncommon trap: reason=bimorphic action=maybe_recompile pc=0x00000000032b6f60 method=org.jetbrains.kotlin.protobuf.CodedInputStream.tryRefillBuffer(I)Z @ 177
Event: 8.564 Thread 0x0000000002bd6000 Uncommon trap: reason=class_check action=maybe_recompile pc=0x0000000002ddc1c0 method=org.jetbrains.kotlin.com.intellij.openapi.util.text.StringUtilRt.lastIndexOf(Ljava/lang/CharSequence;CII)I @ 17
Event: 8.564 Thread 0x0000000002bd6000 Uncommon trap: reason=class_check action=maybe_recompile pc=0x0000000002ddc1c0 method=org.jetbrains.kotlin.com.intellij.openapi.util.text.StringUtilRt.lastIndexOf(Ljava/lang/CharSequence;CII)I @ 17
Event: 8.564 Thread 0x0000000002bd6000 Uncommon trap: reason=class_check action=maybe_recompile pc=0x0000000002ddc1c0 method=org.jetbrains.kotlin.com.intellij.openapi.util.text.StringUtilRt.lastIndexOf(Ljava/lang/CharSequence;CII)I @ 17
Event: 8.564 Thread 0x0000000002bd6000 Uncommon trap: reason=class_check action=maybe_recompile pc=0x0000000002ddc1c0 method=org.jetbrains.kotlin.com.intellij.openapi.util.text.StringUtilRt.lastIndexOf(Ljava/lang/CharSequence;CII)I @ 17
Event: 8.697 Thread 0x0000000002bd6000 Uncommon trap: reason=unstable_if action=reinterpret pc=0x00000000035329a0 method=java.text.StringCharacterIterator.current()C @ 19
Event: 9.009 Thread 0x0000000002bd6000 Uncommon trap: reason=unstable_if action=reinterpret pc=0x00000000033f5368 method=java.lang.AbstractStringBuilder.append(Ljava/lang/CharSequence;)Ljava/lang/AbstractStringBuilder; @ 29
Event: 9.087 Thread 0x0000000002bd6000 Uncommon trap: reason=unstable_if action=reinterpret pc=0x0000000002edf874 method=gnu.trove.TObjectHash.insertionIndex(Ljava/lang/Object;)I @ 65

Classes redefined (0 events):
No events

Internal exceptions (10 events):
Event: 3.391 Thread 0x0000000002bd6000 Exception <a 'java/lang/NoSuchMethodError': java.lang.Object.lambda$static$0()J> (0x00000000d6054e68) thrown at [C:\src\AOSP-openjdk-git\hotspot\src\share\vm\interpreter\linkResolver.cpp, line 620]
Event: 3.705 Thread 0x0000000002bd6000 Exception <a 'java/lang/NoSuchMethodError': java.lang.Object.lambda$static$0(I)[Lorg/jetbrains/kotlin/com/intellij/openapi/editor/event/DocumentListener;> (0x00000000d67a8de0) thrown at [C:\src\AOSP-openjdk-git\hotspot\src\share\vm\interpreter\linkResolve
Event: 3.826 Thread 0x0000000002bd6000 Exception <a 'java/lang/NoSuchMethodError': java.lang.Object.lambda$static$0(I)[Lorg/jetbrains/kotlin/com/intellij/psi/PsiAnnotation;> (0x00000000d69c8578) thrown at [C:\src\AOSP-openjdk-git\hotspot\src\share\vm\interpreter\linkResolver.cpp, line 620]
Event: 3.995 Thread 0x0000000002bd6000 Exception <a 'java/lang/NoSuchMethodError': java.lang.Object.lambda$static$0(I)[Lorg/jetbrains/kotlin/com/intellij/psi/PsiElement;> (0x00000000d6f128e0) thrown at [C:\src\AOSP-openjdk-git\hotspot\src\share\vm\interpreter\linkResolver.cpp, line 620]
Event: 6.086 Thread 0x0000000002bd6000 Exception <a 'java/lang/ArrayIndexOutOfBoundsException': 126> (0x00000000d6ac0af8) thrown at [C:\src\AOSP-openjdk-git\hotspot\src\share\vm\interpreter\interpreterRuntime.cpp, line 368]
Event: 6.086 Thread 0x0000000002bd6000 Exception <a 'java/lang/ArrayIndexOutOfBoundsException': 86> (0x00000000d6ac1f80) thrown at [C:\src\AOSP-openjdk-git\hotspot\src\share\vm\interpreter\interpreterRuntime.cpp, line 368]
Event: 7.610 Thread 0x0000000002bd6000 Exception <a 'java/lang/NoSuchMethodError': java.lang.Object.lambda$static$0(I)[Lorg/jetbrains/kotlin/psi/KtExpression;> (0x00000000d6fa7938) thrown at [C:\src\AOSP-openjdk-git\hotspot\src\share\vm\interpreter\linkResolver.cpp, line 620]
Event: 8.000 Thread 0x0000000002bd6000 Exception <a 'java/lang/NoSuchMethodError': java.lang.Object.lambda$static$0(I)[Lorg/jetbrains/kotlin/psi/KtDeclaration;> (0x00000000d5f3c0c0) thrown at [C:\src\AOSP-openjdk-git\hotspot\src\share\vm\interpreter\linkResolver.cpp, line 620]
Event: 8.052 Thread 0x0000000002bd6000 Exception <a 'java/lang/NoSuchMethodError': java.lang.Object.lambda$static$0(I)[Lorg/jetbrains/kotlin/psi/KtTypeElement;> (0x00000000d6086688) thrown at [C:\src\AOSP-openjdk-git\hotspot\src\share\vm\interpreter\linkResolver.cpp, line 620]
Event: 9.019 Thread 0x0000000002bd6000 Exception <a 'java/lang/NoSuchMethodError': java.lang.Object.lambda$static$0(I)[Lorg/jetbrains/kotlin/com/intellij/psi/PsiClass;> (0x00000000d7a02668) thrown at [C:\src\AOSP-openjdk-git\hotspot\src\share\vm\interpreter\linkResolver.cpp, line 620]

Events (10 events):
Event: 9.209 Executing VM operation: RevokeBias
Event: 9.210 Executing VM operation: RevokeBias done
Event: 9.210 Executing VM operation: RevokeBias
Event: 9.210 Executing VM operation: RevokeBias done
Event: 9.210 Executing VM operation: RevokeBias
Event: 9.210 Executing VM operation: RevokeBias done
Event: 9.210 Executing VM operation: RevokeBias
Event: 9.210 Executing VM operation: RevokeBias done
Event: 9.211 Executing VM operation: RevokeBias
Event: 9.211 Executing VM operation: RevokeBias done


Dynamic libraries:
0x00007ff790280000 - 0x00007ff7902b1000 	C:\Program Files\Android\Android Studio\jre\jre\bin\java.exe
0x00007ffea6c80000 - 0x00007ffea6e70000 	C:\Windows\SYSTEM32\ntdll.dll
0x00007ffea65c0000 - 0x00007ffea6672000 	C:\Windows\System32\KERNEL32.DLL
0x00007ffea4820000 - 0x00007ffea4ac5000 	C:\Windows\System32\KERNELBASE.dll
0x00007ffea5d70000 - 0x00007ffea5e13000 	C:\Windows\System32\ADVAPI32.dll
0x00007ffea50f0000 - 0x00007ffea518e000 	C:\Windows\System32\msvcrt.dll
0x00007ffea6ad0000 - 0x00007ffea6b67000 	C:\Windows\System32\sechost.dll
0x00007ffea5380000 - 0x00007ffea549f000 	C:\Windows\System32\RPCRT4.dll
0x00007ffea6770000 - 0x00007ffea6904000 	C:\Windows\System32\USER32.dll
0x00007ffea4690000 - 0x00007ffea46b1000 	C:\Windows\System32\win32u.dll
0x00007ffea5190000 - 0x00007ffea51b6000 	C:\Windows\System32\GDI32.dll
0x00007ffea3d70000 - 0x00007ffea3f08000 	C:\Windows\System32\gdi32full.dll
0x00007ffea46c0000 - 0x00007ffea475e000 	C:\Windows\System32\msvcp_win.dll
0x00007ffea4ad0000 - 0x00007ffea4bca000 	C:\Windows\System32\ucrtbase.dll
0x00007ffe927f0000 - 0x00007ffe92a74000 	C:\Windows\WinSxS\amd64_microsoft.windows.common-controls_6595b64144ccf1df_6.0.18362.1379_none_9e7ff3b3e45cc0c4\COMCTL32.dll
0x00007ffea5990000 - 0x00007ffea5cc7000 	C:\Windows\System32\combase.dll
0x00007ffea4790000 - 0x00007ffea4811000 	C:\Windows\System32\bcryptPrimitives.dll
0x00007ffea5d40000 - 0x00007ffea5d6e000 	C:\Windows\System32\IMM32.DLL
0x0000000069e20000 - 0x0000000069ef2000 	C:\Program Files\Android\Android Studio\jre\jre\bin\msvcr100.dll
0x0000000069f00000 - 0x000000006a74b000 	C:\Program Files\Android\Android Studio\jre\jre\bin\server\jvm.dll
0x00007ffea4d30000 - 0x00007ffea4d38000 	C:\Windows\System32\PSAPI.DLL
0x00007ffea2610000 - 0x00007ffea2619000 	C:\Windows\SYSTEM32\WSOCK32.dll
0x00007ffea6700000 - 0x00007ffea676f000 	C:\Windows\System32\WS2_32.dll
0x00007ffea03b0000 - 0x00007ffea03d4000 	C:\Windows\SYSTEM32\WINMM.dll
0x00007ffe9b4a0000 - 0x00007ffe9b4aa000 	C:\Windows\SYSTEM32\VERSION.dll
0x00007ffea0380000 - 0x00007ffea03ad000 	C:\Windows\SYSTEM32\WINMMBASE.dll
0x00007ffea4ce0000 - 0x00007ffea4d2a000 	C:\Windows\System32\cfgmgr32.dll
0x00007ffe7cef0000 - 0x00007ffe7ceff000 	C:\Program Files\Android\Android Studio\jre\jre\bin\verify.dll
0x00007ffe7cb10000 - 0x00007ffe7cb39000 	C:\Program Files\Android\Android Studio\jre\jre\bin\java.dll
0x00007ffe7caf0000 - 0x00007ffe7cb06000 	C:\Program Files\Android\Android Studio\jre\jre\bin\zip.dll
0x00007ffea5e20000 - 0x00007ffea6508000 	C:\Windows\System32\SHELL32.dll
0x00007ffea6510000 - 0x00007ffea65b7000 	C:\Windows\System32\shcore.dll
0x00007ffea3f10000 - 0x00007ffea468b000 	C:\Windows\System32\windows.storage.dll
0x00007ffea3b90000 - 0x00007ffea3bb3000 	C:\Windows\System32\profapi.dll
0x00007ffea3b40000 - 0x00007ffea3b8a000 	C:\Windows\System32\powrprof.dll
0x00007ffea3b30000 - 0x00007ffea3b40000 	C:\Windows\System32\UMPDC.dll
0x00007ffea5320000 - 0x00007ffea5372000 	C:\Windows\System32\shlwapi.dll
0x00007ffea3bc0000 - 0x00007ffea3bd1000 	C:\Windows\System32\kernel.appcore.dll
0x00007ffea3d50000 - 0x00007ffea3d67000 	C:\Windows\System32\cryptsp.dll
0x00007ffe7cad0000 - 0x00007ffe7caea000 	C:\Program Files\Android\Android Studio\jre\jre\bin\net.dll
0x00007ffea3370000 - 0x00007ffea33d7000 	C:\Windows\system32\mswsock.dll
0x00007ffe7cab0000 - 0x00007ffe7cac3000 	C:\Program Files\Android\Android Studio\jre\jre\bin\nio.dll

VM Arguments:
java_command: org.jetbrains.kotlin.cli.jvm.K2JVMCompiler -Xallow-no-source-files -classpath C:\YoeL\Android Studio Project\MyNotesApp\app\build\intermediates\compile_and_runtime_not_namespaced_r_class_jar\debug\R.jar;C:\Users\Yoel-Asus\.gradle\caches\transforms-2\files-2.1\dc1b617d7936e0e913a582211de0f53d\jetified-kotlin-android-extensions-runtime-1.3.72.jar;C:\Users\Yoel-Asus\.gradle\caches\transforms-2\files-2.1\a3d1f16cf3e94b1375196346a9d93eda\jetified-core-ktx-1.2.0-api.jar;C:\Users\Yoel-Asus\.gradle\caches\transforms-2\files-2.1\b819859813b94b0ab5fd5e3587995e58\jetified-kotlinx-coroutines-android-1.1.1.jar;C:\Users\Yoel-Asus\.gradle\caches\transforms-2\files-2.1\69fcb7b4d90af6a5f562aab125b636a4\jetified-kotlinx-coroutines-core-1.1.1.jar;C:\Users\Yoel-Asus\.gradle\caches\transforms-2\files-2.1\e24425c5e129b972f8cf2d6b1b471b12\jetified-kotlin-stdlib-1.3.72.jar;C:\Users\Yoel-Asus\.gradle\caches\transforms-2\files-2.1\172193160acd952da12bf5185071f178\jetified-kotlinx-coroutines-core-common-1.1.1.jar;C:\Users\Yoel-Asus\.gradle\caches\transforms-2\files-2.1\554bebb569f106c02672a9b72ae82eec\jetified-kotlin-stdlib-common-1.3.72.jar;C:\Users\Yoel-Asus\.gradle\caches\transforms-2\files-2.1\9b00ae621c12c3bfedc3250e3d20a9f2\jetified-annotations-13.0.jar;C:\Users\Yoel-Asus\.gradle\caches\transforms-2\files-2.1\2f9baf78b3a7443820b7a04001afbb3a\material-1.1.0-api.jar;C:\Users\Yoel-Asus\.gradle\caches\transforms-2\files-2.1\db6de348fc228b7580e99a3b24405511\appcompat-1.1.0-api.jar;C:\Users\Yoel-Asus\.gradle\caches\transforms-2\files-2.1\a265561575907395c52ae16e222813bd\jetified-viewpager2-1.0.0-api.jar;C:\Users\Yoel-Asus\.gradle\caches\transforms-2\files-2.1\afbff4ee23217ccbc0bfda5b6e6be3eb\recyclerview-1.1.0-api.jar;C:\Users\Yoel-Asus\.gradle\caches\transforms-2\files-2.1\15a1c17f6fa715c8808b1c982c8205ab\cardview-1.0.0-api.jar;C:\Users\Yoel-Asus\.gradle\caches\transforms-2\files-2.1\3806495bbc38d0525f4c942e89436f70\coordinatorlayout-1.1.0-api.jar;C:\Users\Yoel-Asus\.gradle\c
java_class_path (initial): C:\Users\Yoel-Asus\.gradle\caches\modules-2\files-2.1\org.jetbrains.kotlin\kotlin-compiler-embeddable\1.3.72\fb72232c8fa977d5e07d33c43381ddbdc5edab6\kotlin-compiler-embeddable-1.3.72.jar;C:\Users\Yoel-Asus\.gradle\caches\modules-2\files-2.1\org.jetbrains.kotlin\kotlin-reflect\1.3.72\86613e1a669a701b0c660bfd2af4f82a7ae11fca\kotlin-reflect-1.3.72.jar;C:\Users\Yoel-Asus\.gradle\caches\modules-2\files-2.1\org.jetbrains.kotlin\kotlin-stdlib\1.3.72\8032138f12c0180bc4e51fe139d4c52b46db6109\kotlin-stdlib-1.3.72.jar;C:\Users\Yoel-Asus\.gradle\caches\modules-2\files-2.1\org.jetbrains.kotlin\kotlin-script-runtime\1.3.72\657d8d34d91e1964b4439378c09933e840bfe8d5\kotlin-script-runtime-1.3.72.jar;C:\Users\Yoel-Asus\.gradle\caches\modules-2\files-2.1\org.jetbrains.kotlin\kotlin-daemon-embeddable\1.3.72\53bbaa2816dbf6bdb85f629451b1fcc88f2164d2\kotlin-daemon-embeddable-1.3.72.jar;C:\Users\Yoel-Asus\.gradle\caches\modules-2\files-2.1\org.jetbrains.intellij.deps\trove4j\1.0.20181211\216c2e14b070f334479d800987affe4054cd563f\trove4j-1.0.20181211.jar;C:\Users\Yoel-Asus\.gradle\caches\modules-2\files-2.1\org.jetbrains.kotlin\kotlin-stdlib-common\1.3.72\6ca8bee3d88957eaaaef077c41c908c9940492d8\kotlin-stdlib-common-1.3.72.jar;C:\Users\Yoel-Asus\.gradle\caches\modules-2\files-2.1\org.jetbrains\annotations\13.0\919f0dfe192fb4e063e7dacadee7f8bb9a2672a9\annotations-13.0.jar;C:\Program Files\Android\Android Studio\jre\lib\tools.jar
Launcher Type: SUN_STANDARD

Environment Variables:
PATH=C:\Program Files\Common Files\Oracle\Java\javapath;C:\Windows\system32;C:\Windows;C:\Windows\System32\Wbem;C:\Windows\System32\WindowsPowerShell\v1.0\;C:\Windows\System32\OpenSSH\;C:\xampp\php;C:\ProgramData\ComposerSetup\bin;C:\Program Files\Git\cmd;C:\Users\Yoel-Asus\AppData\Local\Microsoft\WindowsApps;C:\Users\Yoel-Asus\AppData\Local\Programs\Microsoft VS Code\bin;C:\Users\Yoel-Asus\AppData\Roaming\Composer\vendor\bin;C:\Users\Yoel-Asus\AppData\Local\GitHubDesktop\bin
USERNAME=Yoel-Asus
OS=Windows_NT
PROCESSOR_IDENTIFIER=Intel64 Family 6 Model 78 Stepping 3, GenuineIntel



---------------  S Y S T E M  ---------------

OS: Windows 10.0 , 64 bit Build 18362 (10.0.18362.1350)

CPU:total 4 (initial active 4) (2 cores per cpu, 2 threads per core) family 6 model 78 stepping 3, cmov, cx8, fxsr, mmx, sse, sse2, sse3, ssse3, sse4.1, sse4.2, popcnt, avx, avx2, aes, clmul, erms, 3dnowpref, lzcnt, ht, tsc, tscinvbit, bmi1, bmi2, adx

Memory: 4k page, physical 8279156k(1779728k free), swap 10230900k(5740k free)

vm_info: OpenJDK 64-Bit Server VM (25.242-b01) for windows-amd64 JRE (1.8.0_242-release-1644-b01), built by "builder" with MS VC++ 10.0 (VS2010)

time: Wed Apr 07 08:16:36 2021
timezone: SE Asia Standard Time
elapsed time: 9 seconds (0d 0h 0m 9s)

